<?xml version="1.0" encoding="UTF-8"?>
<!-- Generated by org.testng.reporters.JUnitReportReporter -->
<testsuite skipped="1" hostname="Dell-PC" name="com.qa.setp.test.SeleniumEasyHomePageTest" tests="3" failures="0" timestamp="2020-04-16T14:01:20 IST" time="74.320" errors="0">
  <testcase name="verifyLogoLink" time="35.529" classname="com.qa.setp.test.SeleniumEasyHomePageTest"/>
  <system-out/>
  <testcase name="verifyDemoLink" time="38.791" classname="com.qa.setp.test.SeleniumEasyHomePageTest"/>
  <system-out/>
  <testcase name="verifySearchTextBox" classname="com.qa.setp.test.SeleniumEasyHomePageTest">
    <skipped/>
  </testcase> <!-- verifySearchTextBox -->
  <system-out/>
</testsuite> <!-- com.qa.setp.test.SeleniumEasyHomePageTest -->
