<?xml version="1.0" encoding="UTF-8"?>
<!-- Generated by org.testng.reporters.JUnitReportReporter -->
<testsuite skipped="0" hostname="Dell-PC" name="com.qa.setp.pages.Trial" tests="1" failures="0" timestamp="2020-04-10T16:29:55 IST" time="12.141" errors="0">
  <testcase name="test" time="12.141" classname="com.qa.setp.pages.Trial"/>
</testsuite> <!-- com.qa.setp.pages.Trial -->
