<?xml version="1.0" encoding="UTF-8"?>
<!-- Generated by org.testng.reporters.JUnitReportReporter -->
<testsuite skipped="0" hostname="Dell-PC" name="com.qa.setp.test.SearchPageTest" tests="3" failures="0" timestamp="2020-04-16T14:01:20 IST" time="177.522" errors="0">
  <testcase name="validateSearchData" time="61.576" classname="com.qa.setp.test.SearchPageTest"/>
  <system-out/>
  <testcase name="validateSearchData" time="57.842" classname="com.qa.setp.test.SearchPageTest"/>
  <system-out/>
  <testcase name="validateSearchData" time="58.104" classname="com.qa.setp.test.SearchPageTest"/>
  <system-out/>
</testsuite> <!-- com.qa.setp.test.SearchPageTest -->
